[2020-04-03 18:10:57] laravel.EMERGENCY: Unable to create configured logger. Using emergency logger. {"exception":"[object] (InvalidArgumentException(code: 0): Log [] is not defined. at /home/desiayu/Documents/Simple-Laravel/vendor/laravel/framework/src/Illuminate/Log/LogManager.php:181)
[stacktrace]
#0 /home/desiayu/Documents/Simple-Laravel/vendor/laravel/framework/src/Illuminate/Log/LogManager.php(115): Illuminate\\Log\\LogManager->resolve(NULL)
#1 /home/desiayu/Documents/Simple-Laravel/vendor/laravel/framework/src/Illuminate/Log/LogManager.php(103): Illuminate\\Log\\LogManager->get(NULL)
#2 /home/desiayu/Documents/Simple-Laravel/vendor/laravel/framework/src/Illuminate/Log/LogManager.php(526): Illuminate\\Log\\LogManager->driver()
#3 /home/desiayu/Documents/Simple-Laravel/vendor/laravel/framework/src/Illuminate/Foundation/Exceptions/Handler.php(113): Illuminate\\Log\\LogManager->error('No application ...', Array)
#4 /home/desiayu/Documents/Simple-Laravel/app/Exceptions/Handler.php(35): Illuminate\\Foundation\\Exceptions\\Handler->report(Object(RuntimeException))
#5 /home/desiayu/Documents/Simple-Laravel/vendor/laravel/framework/src/Illuminate/Routing/Pipeline.php(81): App\\Exceptions\\Handler->report(Object(RuntimeException))
#6 /home/desiayu/Documents/Simple-Laravel/vendor/laravel/framework/src/Illuminate/Routing/Pipeline.php(55): Illuminate\\Routing\\Pipeline->handleException(Object(Illuminate\\Http\\Request), Object(RuntimeException))
#7 /home/desiayu/Documents/Simple-Laravel/vendor/laravel/framework/src/Illuminate/Pipeline/Pipeline.php(104): Illuminate\\Routing\\Pipeline->Illuminate\\Routing\\{closure}(Object(Illuminate\\Http\\Request))
#8 /home/desiayu/Documents/Simple-Laravel/vendor/laravel/framework/src/Illuminate/Routing/Router.php(667): Illuminate\\Pipeline\\Pipeline->then(Object(Closure))
#9 /home/desiayu/Documents/Simple-Laravel/vendor/laravel/framework/src/Illuminate/Routing/Router.php(642): Illuminate\\Routing\\Router->runRouteWithinStack(Object(Illuminate\\Routing\\Route), Object(Illuminate\\Http\\Request))
#10 /home/desiayu/Documents/Simple-Laravel/vendor/laravel/framework/src/Illuminate/Routing/Router.php(608): Illuminate\\Routing\\Router->runRoute(Object(Illuminate\\Http\\Request), Object(Illuminate\\Routing\\Route))
#11 /home/desiayu/Documents/Simple-Laravel/vendor/laravel/framework/src/Illuminate/Routing/Router.php(597): Illuminate\\Routing\\Router->dispatchToRoute(Object(Illuminate\\Http\\Request))
#12 /home/desiayu/Documents/Simple-Laravel/vendor/laravel/framework/src/Illuminate/Foundation/Http/Kernel.php(176): Illuminate\\Routing\\Router->dispatch(Object(Illuminate\\Http\\Request))
#13 /home/desiayu/Documents/Simple-Laravel/vendor/laravel/framework/src/Illuminate/Routing/Pipeline.php(30): Illuminate\\Foundation\\Http\\Kernel->Illuminate\\Foundation\\Http\\{closure}(Object(Illuminate\\Http\\Request))
#14 /home/desiayu/Documents/Simple-Laravel/vendor/laravel/framework/src/Illuminate/Foundation/Http/Middleware/CheckForMaintenanceMode.php(62): Illuminate\\Routing\\Pipeline->Illuminate\\Routing\\{closure}(Object(Illuminate\\Http\\Request))
#15 /home/desiayu/Documents/Simple-Laravel/vendor/laravel/framework/src/Illuminate/Pipeline/Pipeline.php(151): Illuminate\\Foundation\\Http\\Middleware\\CheckForMaintenanceMode->handle(Object(Illuminate\\Http\\Request), Object(Closure))
#16 /home/desiayu/Documents/Simple-Laravel/vendor/laravel/framework/src/Illuminate/Routing/Pipeline.php(53): Illuminate\\Pipeline\\Pipeline->Illuminate\\Pipeline\\{closure}(Object(Illuminate\\Http\\Request))
#17 /home/desiayu/Documents/Simple-Laravel/vendor/laravel/framework/src/Illuminate/Pipeline/Pipeline.php(104): Illuminate\\Routing\\Pipeline->Illuminate\\Routing\\{closure}(Object(Illuminate\\Http\\Request))
#18 /home/desiayu/Documents/Simple-Laravel/vendor/laravel/framework/src/Illuminate/Foundation/Http/Kernel.php(151): Illuminate\\Pipeline\\Pipeline->then(Object(Closure))
#19 /home/desiayu/Documents/Simple-Laravel/vendor/laravel/framework/src/Illuminate/Foundation/Http/Kernel.php(116): Illuminate\\Foundation\\Http\\Kernel->sendRequestThroughRouter(Object(Illuminate\\Http\\Request))
#20 /home/desiayu/Documents/Simple-Laravel/public/index.php(53): Illuminate\\Foundation\\Http\\Kernel->handle(Object(Illuminate\\Http\\Request))
#21 /home/desiayu/Documents/Simple-Laravel/server.php(21): require_once('/home/desiayu/D...')
#22 {main}
"} 
[2020-04-03 18:10:57] laravel.ERROR: No application encryption key has been specified. {"exception":"[object] (RuntimeException(code: 0): No application encryption key has been specified. at /home/desiayu/Documents/Simple-Laravel/vendor/laravel/framework/src/Illuminate/Encryption/EncryptionServiceProvider.php:42)
[stacktrace]
#0 /home/desiayu/Documents/Simple-Laravel/vendor/laravel/framework/src/Illuminate/Support/helpers.php(1041): Illuminate\\Encryption\\EncryptionServiceProvider->Illuminate\\Encryption\\{closure}('')
#1 /home/desiayu/Documents/Simple-Laravel/vendor/laravel/framework/src/Illuminate/Encryption/EncryptionServiceProvider.php(46): tap('', Object(Closure))
#2 /home/desiayu/Documents/Simple-Laravel/vendor/laravel/framework/src/Illuminate/Encryption/EncryptionServiceProvider.php(24): Illuminate\\Encryption\\EncryptionServiceProvider->key(Array)
#3 /home/desiayu/Documents/Simple-Laravel/vendor/laravel/framework/src/Illuminate/Container/Container.php(764): Illuminate\\Encryption\\EncryptionServiceProvider->Illuminate\\Encryption\\{closure}(Object(Illuminate\\Foundation\\Application), Array)
#4 /home/desiayu/Documents/Simple-Laravel/vendor/laravel/framework/src/Illuminate/Container/Container.php(646): Illuminate\\Container\\Container->build(Object(Closure))
#5 /home/desiayu/Documents/Simple-Laravel/vendor/laravel/framework/src/Illuminate/Container/Container.php(601): Illuminate\\Container\\Container->resolve('encrypter', Array)
#6 /home/desiayu/Documents/Simple-Laravel/vendor/laravel/framework/src/Illuminate/Foundation/Application.php(734): Illuminate\\Container\\Container->make('encrypter', Array)
#7 /home/desiayu/Documents/Simple-Laravel/vendor/laravel/framework/src/Illuminate/Container/Container.php(900): Illuminate\\Foundation\\Application->make('encrypter')
#8 /home/desiayu/Documents/Simple-Laravel/vendor/laravel/framework/src/Illuminate/Container/Container.php(828): Illuminate\\Container\\Container->resolveClass(Object(ReflectionParameter))
#9 /home/desiayu/Documents/Simple-Laravel/vendor/laravel/framework/src/Illuminate/Container/Container.php(795): Illuminate\\Container\\Container->resolveDependencies(Array)
#10 /home/desiayu/Documents/Simple-Laravel/vendor/laravel/framework/src/Illuminate/Container/Container.php(646): Illuminate\\Container\\Container->build('App\\\\Http\\\\Middle...')
#11 /home/desiayu/Documents/Simple-Laravel/vendor/laravel/framework/src/Illuminate/Container/Container.php(601): Illuminate\\Container\\Container->resolve('App\\\\Http\\\\Middle...', Array)
#12 /home/desiayu/Documents/Simple-Laravel/vendor/laravel/framework/src/Illuminate/Foundation/Application.php(734): Illuminate\\Container\\Container->make('App\\\\Http\\\\Middle...', Array)
#13 /home/desiayu/Documents/Simple-Laravel/vendor/laravel/framework/src/Illuminate/Pipeline/Pipeline.php(140): Illuminate\\Foundation\\Application->make('App\\\\Http\\\\Middle...')
#14 /home/desiayu/Documents/Simple-Laravel/vendor/laravel/framework/src/Illuminate/Routing/Pipeline.php(53): Illuminate\\Pipeline\\Pipeline->Illuminate\\Pipeline\\{closure}(Object(Illuminate\\Http\\Request))
#15 /home/desiayu/Documents/Simple-Laravel/vendor/laravel/framework/src/Illuminate/Pipeline/Pipeline.php(104): Illuminate\\Routing\\Pipeline->Illuminate\\Routing\\{closure}(Object(Illuminate\\Http\\Request))
#16 /home/desiayu/Documents/Simple-Laravel/vendor/laravel/framework/src/Illuminate/Routing/Router.php(667): Illuminate\\Pipeline\\Pipeline->then(Object(Closure))
#17 /home/desiayu/Documents/Simple-Laravel/vendor/laravel/framework/src/Illuminate/Routing/Router.php(642): Illuminate\\Routing\\Router->runRouteWithinStack(Object(Illuminate\\Routing\\Route), Object(Illuminate\\Http\\Request))
#18 /home/desiayu/Documents/Simple-Laravel/vendor/laravel/framework/src/Illuminate/Routing/Router.php(608): Illuminate\\Routing\\Router->runRoute(Object(Illuminate\\Http\\Request), Object(Illuminate\\Routing\\Route))
#19 /home/desiayu/Documents/Simple-Laravel/vendor/laravel/framework/src/Illuminate/Routing/Router.php(597): Illuminate\\Routing\\Router->dispatchToRoute(Object(Illuminate\\Http\\Request))
#20 /home/desiayu/Documents/Simple-Laravel/vendor/laravel/framework/src/Illuminate/Foundation/Http/Kernel.php(176): Illuminate\\Routing\\Router->dispatch(Object(Illuminate\\Http\\Request))
#21 /home/desiayu/Documents/Simple-Laravel/vendor/laravel/framework/src/Illuminate/Routing/Pipeline.php(30): Illuminate\\Foundation\\Http\\Kernel->Illuminate\\Foundation\\Http\\{closure}(Object(Illuminate\\Http\\Request))
#22 /home/desiayu/Documents/Simple-Laravel/vendor/laravel/framework/src/Illuminate/Foundation/Http/Middleware/CheckForMaintenanceMode.php(62): Illuminate\\Routing\\Pipeline->Illuminate\\Routing\\{closure}(Object(Illuminate\\Http\\Request))
#23 /home/desiayu/Documents/Simple-Laravel/vendor/laravel/framework/src/Illuminate/Pipeline/Pipeline.php(151): Illuminate\\Foundation\\Http\\Middleware\\CheckForMaintenanceMode->handle(Object(Illuminate\\Http\\Request), Object(Closure))
#24 /home/desiayu/Documents/Simple-Laravel/vendor/laravel/framework/src/Illuminate/Routing/Pipeline.php(53): Illuminate\\Pipeline\\Pipeline->Illuminate\\Pipeline\\{closure}(Object(Illuminate\\Http\\Request))
#25 /home/desiayu/Documents/Simple-Laravel/vendor/laravel/framework/src/Illuminate/Pipeline/Pipeline.php(104): Illuminate\\Routing\\Pipeline->Illuminate\\Routing\\{closure}(Object(Illuminate\\Http\\Request))
#26 /home/desiayu/Documents/Simple-Laravel/vendor/laravel/framework/src/Illuminate/Foundation/Http/Kernel.php(151): Illuminate\\Pipeline\\Pipeline->then(Object(Closure))
#27 /home/desiayu/Documents/Simple-Laravel/vendor/laravel/framework/src/Illuminate/Foundation/Http/Kernel.php(116): Illuminate\\Foundation\\Http\\Kernel->sendRequestThroughRouter(Object(Illuminate\\Http\\Request))
#28 /home/desiayu/Documents/Simple-Laravel/public/index.php(53): Illuminate\\Foundation\\Http\\Kernel->handle(Object(Illuminate\\Http\\Request))
#29 /home/desiayu/Documents/Simple-Laravel/server.php(21): require_once('/home/desiayu/D...')
#30 {main}
"} 
[2020-04-03 18:10:57] laravel.EMERGENCY: Unable to create configured logger. Using emergency logger. {"exception":"[object] (InvalidArgumentException(code: 0): Log [] is not defined. at /home/desiayu/Documents/Simple-Laravel/vendor/laravel/framework/src/Illuminate/Log/LogManager.php:181)
[stacktrace]
#0 /home/desiayu/Documents/Simple-Laravel/vendor/laravel/framework/src/Illuminate/Log/LogManager.php(115): Illuminate\\Log\\LogManager->resolve(NULL)
#1 /home/desiayu/Documents/Simple-Laravel/vendor/laravel/framework/src/Illuminate/Log/LogManager.php(103): Illuminate\\Log\\LogManager->get(NULL)
#2 /home/desiayu/Documents/Simple-Laravel/vendor/laravel/framework/src/Illuminate/Log/LogManager.php(526): Illuminate\\Log\\LogManager->driver()
#3 /home/desiayu/Documents/Simple-Laravel/vendor/laravel/framework/src/Illuminate/Foundation/Exceptions/Handler.php(113): Illuminate\\Log\\LogManager->error('No application ...', Array)
#4 /home/desiayu/Documents/Simple-Laravel/app/Exceptions/Handler.php(35): Illuminate\\Foundation\\Exceptions\\Handler->report(Object(RuntimeException))
#5 /home/desiayu/Documents/Simple-Laravel/vendor/laravel/framework/src/Illuminate/Foundation/Bootstrap/HandleExceptions.php(81): App\\Exceptions\\Handler->report(Object(RuntimeException))
#6 [internal function]: Illuminate\\Foundation\\Bootstrap\\HandleExceptions->handleException(Object(RuntimeException))
#7 {main}
"} 
[2020-04-03 18:10:57] laravel.ERROR: No application encryption key has been specified. {"exception":"[object] (RuntimeException(code: 0): No application encryption key has been specified. at /home/desiayu/Documents/Simple-Laravel/vendor/laravel/framework/src/Illuminate/Encryption/EncryptionServiceProvider.php:42)
[stacktrace]
#0 /home/desiayu/Documents/Simple-Laravel/vendor/laravel/framework/src/Illuminate/Support/helpers.php(1041): Illuminate\\Encryption\\EncryptionServiceProvider->Illuminate\\Encryption\\{closure}('')
#1 /home/desiayu/Documents/Simple-Laravel/vendor/laravel/framework/src/Illuminate/Encryption/EncryptionServiceProvider.php(46): tap('', Object(Closure))
#2 /home/desiayu/Documents/Simple-Laravel/vendor/laravel/framework/src/Illuminate/Encryption/EncryptionServiceProvider.php(24): Illuminate\\Encryption\\EncryptionServiceProvider->key(Array)
#3 /home/desiayu/Documents/Simple-Laravel/vendor/laravel/framework/src/Illuminate/Container/Container.php(764): Illuminate\\Encryption\\EncryptionServiceProvider->Illuminate\\Encryption\\{closure}(Object(Illuminate\\Foundation\\Application), Array)
#4 /home/desiayu/Documents/Simple-Laravel/vendor/laravel/framework/src/Illuminate/Container/Container.php(646): Illuminate\\Container\\Container->build(Object(Closure))
#5 /home/desiayu/Documents/Simple-Laravel/vendor/laravel/framework/src/Illuminate/Container/Container.php(601): Illuminate\\Container\\Container->resolve('encrypter', Array)
#6 /home/desiayu/Documents/Simple-Laravel/vendor/laravel/framework/src/Illuminate/Foundation/Application.php(734): Illuminate\\Container\\Container->make('encrypter', Array)
#7 /home/desiayu/Documents/Simple-Laravel/vendor/laravel/framework/src/Illuminate/Container/Container.php(900): Illuminate\\Foundation\\Application->make('encrypter')
#8 /home/desiayu/Documents/Simple-Laravel/vendor/laravel/framework/src/Illuminate/Container/Container.php(828): Illuminate\\Container\\Container->resolveClass(Object(ReflectionParameter))
#9 /home/desiayu/Documents/Simple-Laravel/vendor/laravel/framework/src/Illuminate/Container/Container.php(795): Illuminate\\Container\\Container->resolveDependencies(Array)
#10 /home/desiayu/Documents/Simple-Laravel/vendor/laravel/framework/src/Illuminate/Container/Container.php(646): Illuminate\\Container\\Container->build('App\\\\Http\\\\Middle...')
#11 /home/desiayu/Documents/Simple-Laravel/vendor/laravel/framework/src/Illuminate/Container/Container.php(601): Illuminate\\Container\\Container->resolve('App\\\\Http\\\\Middle...', Array)
#12 /home/desiayu/Documents/Simple-Laravel/vendor/laravel/framework/src/Illuminate/Foundation/Application.php(734): Illuminate\\Container\\Container->make('App\\\\Http\\\\Middle...', Array)
#13 /home/desiayu/Documents/Simple-Laravel/vendor/laravel/framework/src/Illuminate/Foundation/Http/Kernel.php(215): Illuminate\\Foundation\\Application->make('App\\\\Http\\\\Middle...')
#14 /home/desiayu/Documents/Simple-Laravel/vendor/laravel/framework/src/Illuminate/Foundation/Http/Kernel.php(189): Illuminate\\Foundation\\Http\\Kernel->terminateMiddleware(Object(Illuminate\\Http\\Request), Object(Illuminate\\Http\\Response))
#15 /home/desiayu/Documents/Simple-Laravel/public/index.php(58): Illuminate\\Foundation\\Http\\Kernel->terminate(Object(Illuminate\\Http\\Request), Object(Illuminate\\Http\\Response))
#16 /home/desiayu/Documents/Simple-Laravel/server.php(21): require_once('/home/desiayu/D...')
#17 {main}
"} 
[2020-04-03 18:11:22] laravel.EMERGENCY: Unable to create configured logger. Using emergency logger. {"exception":"[object] (InvalidArgumentException(code: 0): Log [] is not defined. at /home/desiayu/Documents/Simple-Laravel/vendor/laravel/framework/src/Illuminate/Log/LogManager.php:181)
[stacktrace]
#0 /home/desiayu/Documents/Simple-Laravel/vendor/laravel/framework/src/Illuminate/Log/LogManager.php(115): Illuminate\\Log\\LogManager->resolve(NULL)
#1 /home/desiayu/Documents/Simple-Laravel/vendor/laravel/framework/src/Illuminate/Log/LogManager.php(103): Illuminate\\Log\\LogManager->get(NULL)
#2 /home/desiayu/Documents/Simple-Laravel/vendor/laravel/framework/src/Illuminate/Log/LogManager.php(526): Illuminate\\Log\\LogManager->driver()
#3 /home/desiayu/Documents/Simple-Laravel/vendor/laravel/framework/src/Illuminate/Foundation/Exceptions/Handler.php(113): Illuminate\\Log\\LogManager->error('No application ...', Array)
#4 /home/desiayu/Documents/Simple-Laravel/app/Exceptions/Handler.php(35): Illuminate\\Foundation\\Exceptions\\Handler->report(Object(RuntimeException))
#5 /home/desiayu/Documents/Simple-Laravel/vendor/laravel/framework/src/Illuminate/Routing/Pipeline.php(81): App\\Exceptions\\Handler->report(Object(RuntimeException))
#6 /home/desiayu/Documents/Simple-Laravel/vendor/laravel/framework/src/Illuminate/Routing/Pipeline.php(55): Illuminate\\Routing\\Pipeline->handleException(Object(Illuminate\\Http\\Request), Object(RuntimeException))
#7 /home/desiayu/Documents/Simple-Laravel/vendor/laravel/framework/src/Illuminate/Pipeline/Pipeline.php(104): Illuminate\\Routing\\Pipeline->Illuminate\\Routing\\{closure}(Object(Illuminate\\Http\\Request))
#8 /home/desiayu/Documents/Simple-Laravel/vendor/laravel/framework/src/Illuminate/Routing/Router.php(667): Illuminate\\Pipeline\\Pipeline->then(Object(Closure))
#9 /home/desiayu/Documents/Simple-Laravel/vendor/laravel/framework/src/Illuminate/Routing/Router.php(642): Illuminate\\Routing\\Router->runRouteWithinStack(Object(Illuminate\\Routing\\Route), Object(Illuminate\\Http\\Request))
#10 /home/desiayu/Documents/Simple-Laravel/vendor/laravel/framework/src/Illuminate/Routing/Router.php(608): Illuminate\\Routing\\Router->runRoute(Object(Illuminate\\Http\\Request), Object(Illuminate\\Routing\\Route))
#11 /home/desiayu/Documents/Simple-Laravel/vendor/laravel/framework/src/Illuminate/Routing/Router.php(597): Illuminate\\Routing\\Router->dispatchToRoute(Object(Illuminate\\Http\\Request))
#12 /home/desiayu/Documents/Simple-Laravel/vendor/laravel/framework/src/Illuminate/Foundation/Http/Kernel.php(176): Illuminate\\Routing\\Router->dispatch(Object(Illuminate\\Http\\Request))
#13 /home/desiayu/Documents/Simple-Laravel/vendor/laravel/framework/src/Illuminate/Routing/Pipeline.php(30): Illuminate\\Foundation\\Http\\Kernel->Illuminate\\Foundation\\Http\\{closure}(Object(Illuminate\\Http\\Request))
#14 /home/desiayu/Documents/Simple-Laravel/vendor/laravel/framework/src/Illuminate/Foundation/Http/Middleware/CheckForMaintenanceMode.php(62): Illuminate\\Routing\\Pipeline->Illuminate\\Routing\\{closure}(Object(Illuminate\\Http\\Request))
#15 /home/desiayu/Documents/Simple-Laravel/vendor/laravel/framework/src/Illuminate/Pipeline/Pipeline.php(151): Illuminate\\Foundation\\Http\\Middleware\\CheckForMaintenanceMode->handle(Object(Illuminate\\Http\\Request), Object(Closure))
#16 /home/desiayu/Documents/Simple-Laravel/vendor/laravel/framework/src/Illuminate/Routing/Pipeline.php(53): Illuminate\\Pipeline\\Pipeline->Illuminate\\Pipeline\\{closure}(Object(Illuminate\\Http\\Request))
#17 /home/desiayu/Documents/Simple-Laravel/vendor/laravel/framework/src/Illuminate/Pipeline/Pipeline.php(104): Illuminate\\Routing\\Pipeline->Illuminate\\Routing\\{closure}(Object(Illuminate\\Http\\Request))
#18 /home/desiayu/Documents/Simple-Laravel/vendor/laravel/framework/src/Illuminate/Foundation/Http/Kernel.php(151): Illuminate\\Pipeline\\Pipeline->then(Object(Closure))
#19 /home/desiayu/Documents/Simple-Laravel/vendor/laravel/framework/src/Illuminate/Foundation/Http/Kernel.php(116): Illuminate\\Foundation\\Http\\Kernel->sendRequestThroughRouter(Object(Illuminate\\Http\\Request))
#20 /home/desiayu/Documents/Simple-Laravel/public/index.php(53): Illuminate\\Foundation\\Http\\Kernel->handle(Object(Illuminate\\Http\\Request))
#21 /home/desiayu/Documents/Simple-Laravel/server.php(21): require_once('/home/desiayu/D...')
#22 {main}
"} 
[2020-04-03 18:11:22] laravel.ERROR: No application encryption key has been specified. {"exception":"[object] (RuntimeException(code: 0): No application encryption key has been specified. at /home/desiayu/Documents/Simple-Laravel/vendor/laravel/framework/src/Illuminate/Encryption/EncryptionServiceProvider.php:42)
[stacktrace]
#0 /home/desiayu/Documents/Simple-Laravel/vendor/laravel/framework/src/Illuminate/Support/helpers.php(1041): Illuminate\\Encryption\\EncryptionServiceProvider->Illuminate\\Encryption\\{closure}('')
#1 /home/desiayu/Documents/Simple-Laravel/vendor/laravel/framework/src/Illuminate/Encryption/EncryptionServiceProvider.php(46): tap('', Object(Closure))
#2 /home/desiayu/Documents/Simple-Laravel/vendor/laravel/framework/src/Illuminate/Encryption/EncryptionServiceProvider.php(24): Illuminate\\Encryption\\EncryptionServiceProvider->key(Array)
#3 /home/desiayu/Documents/Simple-Laravel/vendor/laravel/framework/src/Illuminate/Container/Container.php(764): Illuminate\\Encryption\\EncryptionServiceProvider->Illuminate\\Encryption\\{closure}(Object(Illuminate\\Foundation\\Application), Array)
#4 /home/desiayu/Documents/Simple-Laravel/vendor/laravel/framework/src/Illuminate/Container/Container.php(646): Illuminate\\Container\\Container->build(Object(Closure))
#5 /home/desiayu/Documents/Simple-Laravel/vendor/laravel/framework/src/Illuminate/Container/Container.php(601): Illuminate\\Container\\Container->resolve('encrypter', Array)
#6 /home/desiayu/Documents/Simple-Laravel/vendor/laravel/framework/src/Illuminate/Foundation/Application.php(734): Illuminate\\Container\\Container->make('encrypter', Array)
#7 /home/desiayu/Documents/Simple-Laravel/vendor/laravel/framework/src/Illuminate/Container/Container.php(900): Illuminate\\Foundation\\Application->make('encrypter')
#8 /home/desiayu/Documents/Simple-Laravel/vendor/laravel/framework/src/Illuminate/Container/Container.php(828): Illuminate\\Container\\Container->resolveClass(Object(ReflectionParameter))
#9 /home/desiayu/Documents/Simple-Laravel/vendor/laravel/framework/src/Illuminate/Container/Container.php(795): Illuminate\\Container\\Container->resolveDependencies(Array)
#10 /home/desiayu/Documents/Simple-Laravel/vendor/laravel/framework/src/Illuminate/Container/Container.php(646): Illuminate\\Container\\Container->build('App\\\\Http\\\\Middle...')
#11 /home/desiayu/Documents/Simple-Laravel/vendor/laravel/framework/src/Illuminate/Container/Container.php(601): Illuminate\\Container\\Container->resolve('App\\\\Http\\\\Middle...', Array)
#12 /home/desiayu/Documents/Simple-Laravel/vendor/laravel/framework/src/Illuminate/Foundation/Application.php(734): Illuminate\\Container\\Container->make('App\\\\Http\\\\Middle...', Array)
#13 /home/desiayu/Documents/Simple-Laravel/vendor/laravel/framework/src/Illuminate/Pipeline/Pipeline.php(140): Illuminate\\Foundation\\Application->make('App\\\\Http\\\\Middle...')
#14 /home/desiayu/Documents/Simple-Laravel/vendor/laravel/framework/src/Illuminate/Routing/Pipeline.php(53): Illuminate\\Pipeline\\Pipeline->Illuminate\\Pipeline\\{closure}(Object(Illuminate\\Http\\Request))
#15 /home/desiayu/Documents/Simple-Laravel/vendor/laravel/framework/src/Illuminate/Pipeline/Pipeline.php(104): Illuminate\\Routing\\Pipeline->Illuminate\\Routing\\{closure}(Object(Illuminate\\Http\\Request))
#16 /home/desiayu/Documents/Simple-Laravel/vendor/laravel/framework/src/Illuminate/Routing/Router.php(667): Illuminate\\Pipeline\\Pipeline->then(Object(Closure))
#17 /home/desiayu/Documents/Simple-Laravel/vendor/laravel/framework/src/Illuminate/Routing/Router.php(642): Illuminate\\Routing\\Router->runRouteWithinStack(Object(Illuminate\\Routing\\Route), Object(Illuminate\\Http\\Request))
#18 /home/desiayu/Documents/Simple-Laravel/vendor/laravel/framework/src/Illuminate/Routing/Router.php(608): Illuminate\\Routing\\Router->runRoute(Object(Illuminate\\Http\\Request), Object(Illuminate\\Routing\\Route))
#19 /home/desiayu/Documents/Simple-Laravel/vendor/laravel/framework/src/Illuminate/Routing/Router.php(597): Illuminate\\Routing\\Router->dispatchToRoute(Object(Illuminate\\Http\\Request))
#20 /home/desiayu/Documents/Simple-Laravel/vendor/laravel/framework/src/Illuminate/Foundation/Http/Kernel.php(176): Illuminate\\Routing\\Router->dispatch(Object(Illuminate\\Http\\Request))
#21 /home/desiayu/Documents/Simple-Laravel/vendor/laravel/framework/src/Illuminate/Routing/Pipeline.php(30): Illuminate\\Foundation\\Http\\Kernel->Illuminate\\Foundation\\Http\\{closure}(Object(Illuminate\\Http\\Request))
#22 /home/desiayu/Documents/Simple-Laravel/vendor/laravel/framework/src/Illuminate/Foundation/Http/Middleware/CheckForMaintenanceMode.php(62): Illuminate\\Routing\\Pipeline->Illuminate\\Routing\\{closure}(Object(Illuminate\\Http\\Request))
#23 /home/desiayu/Documents/Simple-Laravel/vendor/laravel/framework/src/Illuminate/Pipeline/Pipeline.php(151): Illuminate\\Foundation\\Http\\Middleware\\CheckForMaintenanceMode->handle(Object(Illuminate\\Http\\Request), Object(Closure))
#24 /home/desiayu/Documents/Simple-Laravel/vendor/laravel/framework/src/Illuminate/Routing/Pipeline.php(53): Illuminate\\Pipeline\\Pipeline->Illuminate\\Pipeline\\{closure}(Object(Illuminate\\Http\\Request))
#25 /home/desiayu/Documents/Simple-Laravel/vendor/laravel/framework/src/Illuminate/Pipeline/Pipeline.php(104): Illuminate\\Routing\\Pipeline->Illuminate\\Routing\\{closure}(Object(Illuminate\\Http\\Request))
#26 /home/desiayu/Documents/Simple-Laravel/vendor/laravel/framework/src/Illuminate/Foundation/Http/Kernel.php(151): Illuminate\\Pipeline\\Pipeline->then(Object(Closure))
#27 /home/desiayu/Documents/Simple-Laravel/vendor/laravel/framework/src/Illuminate/Foundation/Http/Kernel.php(116): Illuminate\\Foundation\\Http\\Kernel->sendRequestThroughRouter(Object(Illuminate\\Http\\Request))
#28 /home/desiayu/Documents/Simple-Laravel/public/index.php(53): Illuminate\\Foundation\\Http\\Kernel->handle(Object(Illuminate\\Http\\Request))
#29 /home/desiayu/Documents/Simple-Laravel/server.php(21): require_once('/home/desiayu/D...')
#30 {main}
"} 
[2020-04-03 18:11:22] laravel.EMERGENCY: Unable to create configured logger. Using emergency logger. {"exception":"[object] (InvalidArgumentException(code: 0): Log [] is not defined. at /home/desiayu/Documents/Simple-Laravel/vendor/laravel/framework/src/Illuminate/Log/LogManager.php:181)
[stacktrace]
#0 /home/desiayu/Documents/Simple-Laravel/vendor/laravel/framework/src/Illuminate/Log/LogManager.php(115): Illuminate\\Log\\LogManager->resolve(NULL)
#1 /home/desiayu/Documents/Simple-Laravel/vendor/laravel/framework/src/Illuminate/Log/LogManager.php(103): Illuminate\\Log\\LogManager->get(NULL)
#2 /home/desiayu/Documents/Simple-Laravel/vendor/laravel/framework/src/Illuminate/Log/LogManager.php(526): Illuminate\\Log\\LogManager->driver()
#3 /home/desiayu/Documents/Simple-Laravel/vendor/laravel/framework/src/Illuminate/Foundation/Exceptions/Handler.php(113): Illuminate\\Log\\LogManager->error('No application ...', Array)
#4 /home/desiayu/Documents/Simple-Laravel/app/Exceptions/Handler.php(35): Illuminate\\Foundation\\Exceptions\\Handler->report(Object(RuntimeException))
#5 /home/desiayu/Documents/Simple-Laravel/vendor/laravel/framework/src/Illuminate/Foundation/Bootstrap/HandleExceptions.php(81): App\\Exceptions\\Handler->report(Object(RuntimeException))
#6 [internal function]: Illuminate\\Foundation\\Bootstrap\\HandleExceptions->handleException(Object(RuntimeException))
#7 {main}
"} 
[2020-04-03 18:11:22] laravel.ERROR: No application encryption key has been specified. {"exception":"[object] (RuntimeException(code: 0): No application encryption key has been specified. at /home/desiayu/Documents/Simple-Laravel/vendor/laravel/framework/src/Illuminate/Encryption/EncryptionServiceProvider.php:42)
[stacktrace]
#0 /home/desiayu/Documents/Simple-Laravel/vendor/laravel/framework/src/Illuminate/Support/helpers.php(1041): Illuminate\\Encryption\\EncryptionServiceProvider->Illuminate\\Encryption\\{closure}('')
#1 /home/desiayu/Documents/Simple-Laravel/vendor/laravel/framework/src/Illuminate/Encryption/EncryptionServiceProvider.php(46): tap('', Object(Closure))
#2 /home/desiayu/Documents/Simple-Laravel/vendor/laravel/framework/src/Illuminate/Encryption/EncryptionServiceProvider.php(24): Illuminate\\Encryption\\EncryptionServiceProvider->key(Array)
#3 /home/desiayu/Documents/Simple-Laravel/vendor/laravel/framework/src/Illuminate/Container/Container.php(764): Illuminate\\Encryption\\EncryptionServiceProvider->Illuminate\\Encryption\\{closure}(Object(Illuminate\\Foundation\\Application), Array)
#4 /home/desiayu/Documents/Simple-Laravel/vendor/laravel/framework/src/Illuminate/Container/Container.php(646): Illuminate\\Container\\Container->build(Object(Closure))
#5 /home/desiayu/Documents/Simple-Laravel/vendor/laravel/framework/src/Illuminate/Container/Container.php(601): Illuminate\\Container\\Container->resolve('encrypter', Array)
#6 /home/desiayu/Documents/Simple-Laravel/vendor/laravel/framework/src/Illuminate/Foundation/Application.php(734): Illuminate\\Container\\Container->make('encrypter', Array)
#7 /home/desiayu/Documents/Simple-Laravel/vendor/laravel/framework/src/Illuminate/Container/Container.php(900): Illuminate\\Foundation\\Application->make('encrypter')
#8 /home/desiayu/Documents/Simple-Laravel/vendor/laravel/framework/src/Illuminate/Container/Container.php(828): Illuminate\\Container\\Container->resolveClass(Object(ReflectionParameter))
#9 /home/desiayu/Documents/Simple-Laravel/vendor/laravel/framework/src/Illuminate/Container/Container.php(795): Illuminate\\Container\\Container->resolveDependencies(Array)
#10 /home/desiayu/Documents/Simple-Laravel/vendor/laravel/framework/src/Illuminate/Container/Container.php(646): Illuminate\\Container\\Container->build('App\\\\Http\\\\Middle...')
#11 /home/desiayu/Documents/Simple-Laravel/vendor/laravel/framework/src/Illuminate/Container/Container.php(601): Illuminate\\Container\\Container->resolve('App\\\\Http\\\\Middle...', Array)
#12 /home/desiayu/Documents/Simple-Laravel/vendor/laravel/framework/src/Illuminate/Foundation/Application.php(734): Illuminate\\Container\\Container->make('App\\\\Http\\\\Middle...', Array)
#13 /home/desiayu/Documents/Simple-Laravel/vendor/laravel/framework/src/Illuminate/Foundation/Http/Kernel.php(215): Illuminate\\Foundation\\Application->make('App\\\\Http\\\\Middle...')
#14 /home/desiayu/Documents/Simple-Laravel/vendor/laravel/framework/src/Illuminate/Foundation/Http/Kernel.php(189): Illuminate\\Foundation\\Http\\Kernel->terminateMiddleware(Object(Illuminate\\Http\\Request), Object(Illuminate\\Http\\Response))
#15 /home/desiayu/Documents/Simple-Laravel/public/index.php(58): Illuminate\\Foundation\\Http\\Kernel->terminate(Object(Illuminate\\Http\\Request), Object(Illuminate\\Http\\Response))
#16 /home/desiayu/Documents/Simple-Laravel/server.php(21): require_once('/home/desiayu/D...')
#17 {main}
"} 
